TN:
SF:src/Api.js
FN:7,(anonymous_0)
FN:17,(anonymous_1)
FN:27,(anonymous_2)
FN:37,(anonymous_3)
FN:50,(anonymous_4)
FN:63,(anonymous_5)
FN:79,(anonymous_6)
FNF:7
FNH:7
FNDA:1,(anonymous_0)
FNDA:1,(anonymous_1)
FNDA:1,(anonymous_2)
FNDA:1,(anonymous_3)
FNDA:1,(anonymous_4)
FNDA:1,(anonymous_5)
FNDA:1,(anonymous_6)
DA:2,1
DA:3,1
DA:4,1
DA:8,0
DA:13,0
DA:14,0
DA:18,0
DA:23,0
DA:24,0
DA:28,0
DA:34,0
DA:38,0
DA:46,0
DA:47,0
DA:51,0
DA:59,0
DA:60,0
DA:64,0
DA:68,0
DA:75,0
DA:76,0
DA:80,0
DA:84,0
DA:92,0
LF:24
LH:3
BRF:0
BRH:0
end_of_record
TN:
SF:src/utils.js
FN:2,(anonymous_0)
FN:3,(anonymous_1)
FNF:2
FNH:2
FNDA:9,(anonymous_0)
FNDA:21,(anonymous_1)
DA:2,2
DA:3,21
LF:2
LH:2
BRF:0
BRH:0
end_of_record
TN:
SF:src/components/Columna.jsx
FN:3,Columna
FN:5,(anonymous_1)
FN:15,(anonymous_2)
FN:15,(anonymous_3)
FNF:4
FNH:2
FNDA:6,Columna
FNDA:4,(anonymous_1)
FNDA:0,(anonymous_2)
FNDA:0,(anonymous_3)
DA:5,6
DA:6,4
DA:14,6
DA:15,0
LF:4
LH:3
BRDA:45,0,0,2
BRDA:45,0,1,4
BRF:2
BRH:2
end_of_record
TN:
SF:src/components/Dialogo.jsx
FN:4,Dialogo
FN:14,gestionarClickEliminar
FN:18,gestionarGuardar
FN:44,(anonymous_3)
FN:51,(anonymous_4)
FN:52,(anonymous_5)
FN:145,(anonymous_6)
FN:161,(anonymous_7)
FN:177,(anonymous_8)
FNF:9
FNH:3
FNDA:2,Dialogo
FNDA:0,gestionarClickEliminar
FNDA:0,gestionarGuardar
FNDA:0,(anonymous_3)
FNDA:1,(anonymous_4)
FNDA:1,(anonymous_5)
FNDA:0,(anonymous_6)
FNDA:0,(anonymous_7)
FNDA:0,(anonymous_8)
DA:5,2
DA:6,2
DA:7,2
DA:8,2
DA:9,2
DA:10,2
DA:12,2
DA:15,0
DA:19,0
DA:20,0
DA:21,0
DA:22,0
DA:25,0
DA:26,0
DA:28,0
DA:37,0
DA:38,0
DA:40,0
DA:44,2
DA:45,0
DA:46,0
DA:47,0
DA:51,2
DA:52,1
DA:53,1
DA:54,1
DA:55,1
DA:56,1
DA:57,1
DA:58,1
DA:59,1
DA:60,1
DA:61,1
DA:64,0
DA:65,0
DA:66,1
DA:67,1
DA:68,1
DA:69,1
DA:70,1
DA:71,1
DA:75,2
DA:77,0
DA:145,0
DA:161,0
DA:177,0
LF:46
LH:26
BRDA:22,0,0,0
BRDA:22,0,1,0
BRDA:37,1,0,0
BRDA:37,1,1,0
BRDA:46,2,0,0
BRDA:46,2,1,0
BRDA:53,3,0,1
BRDA:53,3,1,0
BRDA:54,4,0,0
BRDA:54,4,1,1
BRDA:55,5,0,0
BRDA:55,5,1,1
BRDA:56,6,0,0
BRDA:56,6,1,1
BRDA:57,7,0,0
BRDA:57,7,1,1
BRDA:58,8,0,0
BRDA:58,8,1,1
BRDA:59,9,0,0
BRDA:59,9,1,1
BRDA:65,10,0,0
BRDA:65,10,1,0
BRDA:66,11,0,1
BRDA:66,11,1,0
BRDA:67,12,0,1
BRDA:67,12,1,0
BRDA:68,13,0,0
BRDA:68,13,1,0
BRDA:69,14,0,1
BRDA:69,14,1,0
BRDA:70,15,0,1
BRDA:70,15,1,0
BRDA:71,16,0,1
BRDA:71,16,1,0
BRDA:75,17,0,2
BRDA:75,17,1,0
BRDA:88,18,0,0
BRDA:88,18,1,0
BRDA:148,19,0,0
BRDA:148,19,1,0
BRDA:164,20,0,0
BRDA:164,20,1,0
BRDA:180,21,0,0
BRDA:180,21,1,0
BRDA:218,22,0,2
BRDA:218,22,1,0
BRF:46
BRH:14
end_of_record
TN:
SF:src/components/Gestor.jsx
FN:8,Gestor
FN:14,(anonymous_1)
FN:15,(anonymous_2)
FN:21,(anonymous_3)
FN:26,(anonymous_4)
FN:32,(anonymous_5)
FN:35,(anonymous_6)
FN:41,(anonymous_7)
FN:53,(anonymous_8)
FN:58,(anonymous_9)
FN:62,(anonymous_10)
FN:67,(anonymous_11)
FNF:12
FNH:3
FNDA:2,Gestor
FNDA:1,(anonymous_1)
FNDA:1,(anonymous_2)
FNDA:0,(anonymous_3)
FNDA:0,(anonymous_4)
FNDA:0,(anonymous_5)
FNDA:0,(anonymous_6)
FNDA:0,(anonymous_7)
FNDA:0,(anonymous_8)
FNDA:0,(anonymous_9)
FNDA:0,(anonymous_10)
FNDA:0,(anonymous_11)
DA:9,2
DA:10,2
DA:11,2
DA:12,2
DA:14,2
DA:15,1
DA:16,1
DA:17,1
DA:21,2
DA:22,0
DA:23,0
DA:25,0
DA:26,0
DA:27,0
DA:28,0
DA:29,0
DA:32,2
DA:33,0
DA:34,0
DA:35,0
DA:36,0
DA:37,0
DA:38,0
DA:41,2
DA:42,0
DA:43,0
DA:44,0
DA:45,0
DA:46,0
DA:49,2
DA:50,2
DA:51,2
DA:53,2
DA:54,0
DA:55,0
DA:58,2
DA:59,0
DA:62,2
DA:63,0
DA:64,0
DA:67,2
DA:68,0
DA:69,0
DA:72,2
LF:44
LH:19
BRDA:23,0,0,0
BRDA:23,0,1,0
BRDA:68,1,0,0
BRDA:68,1,1,0
BRF:4
BRH:0
end_of_record
TN:
SF:src/components/Navigation.jsx
FN:4,Navigation
FN:9,(anonymous_1)
FNF:2
FNH:1
FNDA:2,Navigation
FNDA:0,(anonymous_1)
DA:6,2
DA:7,2
DA:9,2
DA:10,0
DA:11,0
DA:14,2
LF:6
LH:4
BRDA:29,0,0,2
BRDA:29,0,1,0
BRF:2
BRH:1
end_of_record
TN:
SF:src/components/Tarea.jsx
FN:1,Tarea
FN:2,(anonymous_1)
FN:11,(anonymous_2)
FNF:3
FNH:2
FNDA:6,Tarea
FNDA:1,(anonymous_1)
FNDA:0,(anonymous_2)
DA:2,6
DA:3,1
DA:6,6
DA:8,6
DA:11,0
LF:5
LH:4
BRDA:34,0,0,6
BRDA:34,0,1,0
BRDA:35,1,0,0
BRDA:35,1,1,6
BRDA:36,2,0,0
BRDA:36,2,1,6
BRDA:42,3,0,6
BRDA:42,3,1,0
BRF:8
BRH:4
end_of_record
TN:
SF:src/components/ThemeManager.jsx
FN:6,ThemeManager
FN:10,(anonymous_1)
FN:15,(anonymous_2)
FNF:3
FNH:2
FNDA:1,ThemeManager
FNDA:0,(anonymous_1)
FNDA:1,(anonymous_2)
DA:4,1
DA:8,1
DA:10,1
DA:11,0
DA:12,0
DA:15,1
DA:16,1
DA:17,1
DA:18,1
DA:21,1
LF:10
LH:8
BRDA:11,0,0,0
BRDA:11,0,1,0
BRDA:17,1,0,0
BRDA:17,1,1,1
BRF:4
BRH:1
end_of_record
TN:
SF:src/components/ThemeSelector.jsx
FN:4,ThemeSelector
FNF:1
FNH:1
FNDA:2,ThemeSelector
DA:5,2
DA:7,2
DA:9,2
LF:3
LH:3
BRDA:12,0,0,2
BRDA:12,0,1,0
BRDA:18,1,0,2
BRDA:18,1,1,0
BRDA:27,2,0,2
BRDA:27,2,1,0
BRDA:36,3,0,2
BRDA:36,3,1,0
BRDA:45,4,0,2
BRDA:45,4,1,0
BRF:10
BRH:5
end_of_record
